<?xml version="1.0" encoding="UTF-8" ?>
<testsuite errors="1" failures="0" hostname="CLD0091" name="org.ops4j.paxexam.wildfly.wildfly8.quickstart.HelloWorldBeanTest" tests="0" time="0.097" timestamp="2014-06-12T13:41:44">
  <properties>
[...]
</properties>
  <testcase classname="junit.framework.JUnit4TestCaseFacade" name="org.ops4j.paxexam.wildfly.wildfly8.quickstart.HelloWorldBeanTest" time="0.0">
    <error message="WFSM000001: Permission check failed for (&quot;java.util.PropertyPermission&quot; &quot;jboss.modules.dir&quot; &quot;write&quot;)" type="java.security.AccessControlException">java.security.AccessControlException: WFSM000001: Permission check failed for (&quot;java.util.PropertyPermission&quot; &quot;jboss.modules.dir&quot; &quot;write&quot;)
	at org.wildfly.security.manager.WildFlySecurityManager.checkPropertyWritePermission(WildFlySecurityManager.java:649)
	at org.wildfly.security.manager.WildFlySecurityManager.setPropertyPrivileged(WildFlySecurityManager.java:748)
	at org.jboss.as.embedded.EmbeddedServerFactory.setupModuleLoader(EmbeddedServerFactory.java:166)
	at org.jboss.as.embedded.EmbeddedServerFactory.create(EmbeddedServerFactory.java:99)
	at org.jboss.as.embedded.EmbeddedServerFactory.create(EmbeddedServerFactory.java:82)
	at org.ops4j.pax.exam.wildfly80.WildFly80TestContainer.start(WildFly80TestContainer.java:260)
	at org.ops4j.pax.exam.spi.reactors.SingletonStagedReactor.beforeSuite(SingletonStagedReactor.java:127)
	at org.ops4j.pax.exam.spi.reactors.PerSuiteStagedReactor.beforeSuite(PerSuiteStagedReactor.java:72)
	at org.ops4j.pax.exam.spi.reactors.ReactorManager.beforeClass(ReactorManager.java:450)
	at org.ops4j.pax.exam.junit.impl.ProbeRunner.run(ProbeRunner.java:111)
	at org.ops4j.pax.exam.junit.PaxExam.run(PaxExam.java:93)
	at org.eclipse.ant.internal.launching.remote.EclipseDefaultExecutor.executeTargets(EclipseDefaultExecutor.java:32)
	at org.eclipse.ant.internal.launching.remote.InternalAntRunner.run(InternalAntRunner.java:424)
	at org.eclipse.ant.internal.launching.remote.InternalAntRunner.main(InternalAntRunner.java:138)
</error>
  </testcase>
  <system-out><![CDATA[15:41:44.016 [main] INFO  o.o.pax.exam.spi.DefaultExamSystem - Pax Exam System (Version: 3.5.0) created.
15:41:44.028 [main] DEBUG o.ops4j.store.intern.TemporaryStore - Storage Area is C:\Users\f3thomas\AppData\Local\Temp\1402580504025-0
15:41:44.060 [main] INFO  o.o.pax.exam.junit.impl.ProbeRunner - creating PaxExam runner for class org.ops4j.paxexam.wildfly.wildfly8.quickstart.HelloWorldBeanTest
15:41:44.070 [main] DEBUG o.ops4j.pax.exam.spi.PaxExamRuntime - Found TestContainerFactory: org.ops4j.pax.exam.wildfly80.WildFly80TestContainerFactory
15:41:44.075 [main] DEBUG o.o.pax.exam.spi.DefaultExamSystem - creating WAR probe
15:41:44.079 [main] DEBUG o.o.p.e.spi.reactors.ReactorManager - No User defined probe hook found
15:41:44.108 [main] DEBUG o.o.p.e.s.intern.DefaultTestAddress - NEW ADDRESS= PaxExam-32618bd6-f0e7-44d4-a8e8-c4f25edbb1f2 parent=null root=[TestAddress:PaxExam-32618bd6-f0e7-44d4-a8e8-c4f25edbb1f2 root:PaxExam-32618bd6-f0e7-44d4-a8e8-c4f25edbb1f2] args=[Ljava.lang.Object;@67c8f3da
15:41:44.110 [main] DEBUG o.o.p.e.s.intern.DefaultTestAddress - NEW ADDRESS= PaxExam-82138a06-d271-427f-8529-d020ab28ade7 parent=null root=[TestAddress:PaxExam-82138a06-d271-427f-8529-d020ab28ade7 root:PaxExam-82138a06-d271-427f-8529-d020ab28ade7] args=[Ljava.lang.Object;@6cf49909
15:41:44.110 [main] DEBUG o.o.p.e.s.intern.DefaultTestAddress - NEW ADDRESS= PaxExam-88363295-b4e6-4129-9f0b-11efea6a4a80 parent=null root=[TestAddress:PaxExam-88363295-b4e6-4129-9f0b-11efea6a4a80 root:PaxExam-88363295-b4e6-4129-9f0b-11efea6a4a80] args=[Ljava.lang.Object;@2e6b55c1
15:41:44.112 [main] DEBUG o.o.pax.exam.spi.DefaultExamReactor - Staging reactor with probes: 1 using strategy: org.ops4j.pax.exam.spi.reactors.PerSuite@2c08cb35
15:41:44.112 [main] DEBUG o.o.pax.exam.spi.DefaultExamReactor - No configuration given. Setting an empty one.
15:41:44.117 [main] DEBUG o.ops4j.store.intern.TemporaryStore - Storage Area is C:\Users\f3thomas\AppData\Local\Temp\1402580504025-0
15:41:44.135 [main] DEBUG o.o.p.e.s.intern.DefaultTestAddress - NEW ADDRESS= PaxExam-a76f1c37-b733-4445-a38e-a3fa15c63593 parent=[TestAddress:PaxExam-32618bd6-f0e7-44d4-a8e8-c4f25edbb1f2 root:PaxExam-32618bd6-f0e7-44d4-a8e8-c4f25edbb1f2] root=[TestAddress:PaxExam-32618bd6-f0e7-44d4-a8e8-c4f25edbb1f2 root:PaxExam-32618bd6-f0e7-44d4-a8e8-c4f25edbb1f2] args=[Ljava.lang.Object;@422fe3d3
15:41:44.135 [main] DEBUG o.o.p.e.s.intern.DefaultTestAddress - NEW ADDRESS= PaxExam-de97c1bb-119e-43b9-bb18-77396fc813e3 parent=[TestAddress:PaxExam-82138a06-d271-427f-8529-d020ab28ade7 root:PaxExam-82138a06-d271-427f-8529-d020ab28ade7] root=[TestAddress:PaxExam-82138a06-d271-427f-8529-d020ab28ade7 root:PaxExam-82138a06-d271-427f-8529-d020ab28ade7] args=[Ljava.lang.Object;@56165397
15:41:44.135 [main] DEBUG o.o.p.e.s.intern.DefaultTestAddress - NEW ADDRESS= PaxExam-dc48785b-d7a1-459d-aea1-f588a2a95704 parent=[TestAddress:PaxExam-88363295-b4e6-4129-9f0b-11efea6a4a80 root:PaxExam-88363295-b4e6-4129-9f0b-11efea6a4a80] root=[TestAddress:PaxExam-88363295-b4e6-4129-9f0b-11efea6a4a80 root:PaxExam-88363295-b4e6-4129-9f0b-11efea6a4a80] args=[Ljava.lang.Object;@53ca0aa8
15:41:44.138 [main] INFO  o.o.pax.exam.junit.impl.ProbeRunner - running test class org.ops4j.paxexam.wildfly.wildfly8.quickstart.HelloWorldBeanTest
15:41:44.139 [main] INFO  o.o.p.e.w.WildFly80TestContainer - using existing WildFly installation in C:\wildfly\wildfly-8.1.0.CR1
15:41:44.139 [main] INFO  o.o.p.e.w.WildFly80TestContainer - copying wildfly80-config\application-roles.properties to C:\wildfly\wildfly-8.1.0.CR1\standalone\configuration\application-roles.properties
15:41:44.143 [main] INFO  o.o.p.e.w.WildFly80TestContainer - copying wildfly80-config\application-users.properties to C:\wildfly\wildfly-8.1.0.CR1\standalone\configuration\application-users.properties
15:41:44.144 [main] INFO  o.o.p.e.w.WildFly80TestContainer - copying wildfly80-config\mgmt-users.properties to C:\wildfly\wildfly-8.1.0.CR1\standalone\configuration\mgmt-users.properties
15:41:44.144 [main] INFO  o.o.p.e.w.WildFly80TestContainer - copying wildfly80-config\standalone.xml to C:\wildfly\wildfly-8.1.0.CR1\standalone\configuration\standalone.xml
15:41:44.145 [main] INFO  o.o.p.e.w.WildFly80TestContainer - copying wildfly80-config\standalone_orgPaxExam.xml to C:\wildfly\wildfly-8.1.0.CR1\standalone\configuration\standalone_orgPaxExam.xml
15:41:44.214 [main] DEBUG org.jboss.logging - Logging Provider: org.jboss.logging.Slf4jLoggerProvider
15:41:44.219 [main] INFO  o.o.p.e.spi.reactors.ReactorManager - suite finished
15:41:44.219 [main] WARN  o.o.pax.exam.spi.DefaultExamSystem - Option org.ops4j.pax.exam.options.WarProbeOption has not been recognized.
]]></system-out>
  <system-err><![CDATA[]]></system-err>
</testsuite>
